#
# There is insufficient memory for the Java Runtime Environment to continue.
# Native memory allocation (malloc) failed to allocate 1114072 bytes. Error detail: Chunk::new
# Possible reasons:
#   The system is out of physical RAM or swap space
#   This process is running with CompressedOops enabled, and the Java Heap may be blocking the growth of the native heap
# Possible solutions:
#   Reduce memory load on the system
#   Increase physical memory or swap space
#   Check if swap backing store is full
#   Decrease Java heap size (-Xmx/-Xms)
#   Decrease number of Java threads
#   Decrease Java thread stack sizes (-Xss)
#   Set larger code cache with -XX:ReservedCodeCacheSize=
#   JVM is running with Unscaled Compressed Oops mode in which the Java heap is
#     placed in the first 4GB address space. The Java Heap base address is the
#     maximum limit for the native heap growth. Please use -XX:HeapBaseMinAddress
#     to set the Java Heap base and to place the Java Heap above 4GB virtual address.
# This output file may be truncated or incomplete.
#
#  Out of Memory Error (arena.cpp:186), pid=15768, tid=16376
#
# JRE version: OpenJDK Runtime Environment Temurin-25.0.1+8 (25.0.1+8) (build 25.0.1+8-LTS)
# Java VM: OpenJDK 64-Bit Server VM Temurin-25.0.1+8 (25.0.1+8-LTS, mixed mode, sharing, tiered, compressed oops, compressed class ptrs, g1 gc, windows-amd64)
# No core dump will be written. Minidumps are not enabled by default on client versions of Windows
#

---------------  S U M M A R Y ------------

Command Line: -Dstdout.encoding=UTF-8 -Dstderr.encoding=UTF-8 jdbc/Main

Host: Intel(R) Core(TM) i5-6200U CPU @ 2.30GHz, 4 cores, 7G,  Windows 11 , 64 bit Build 22000 (10.0.22000.2538)
Time: Tue Nov 18 23:24:05 2025 Paris, Madrid elapsed time: 0.919808 seconds (0d 0h 0m 0s)

---------------  T H R E A D  ---------------

Current thread (0x000001e6a946e430):  JavaThread "C2 CompilerThread1" daemon [_thread_in_native, id=16376, stack(0x000000bf8d600000,0x000000bf8d700000) (1024K)]


Current CompileTask:
C2:919  807       4       jdk.internal.util.xml.impl.Parser::bqstr (462 bytes)

Stack: [0x000000bf8d600000,0x000000bf8d700000]
Native frames: (J=compiled Java code, j=interpreted, Vv=VM code, C=native code)
V  [jvm.dll+0x7a8379]  (no source info available)
V  [jvm.dll+0x7729fd]  (no source info available)
V  [jvm.dll+0x9f57b3]  (no source info available)
V  [jvm.dll+0x9f7da1]  (no source info available)
V  [jvm.dll+0x9f84a3]  (no source info available)
V  [jvm.dll+0x2fcd26]  (no source info available)
V  [jvm.dll+0x111086]  (no source info available)
V  [jvm.dll+0x1113ae]  (no source info available)
V  [jvm.dll+0x1a01a2]  (no source info available)
V  [jvm.dll+0x3b5e72]  (no source info available)
V  [jvm.dll+0x7adcec]  (no source info available)
V  [jvm.dll+0x2c0327]  (no source info available)
V  [jvm.dll+0x2bf2ef]  (no source info available)
V  [jvm.dll+0x237300]  (no source info available)
V  [jvm.dll+0x2cf386]  (no source info available)
V  [jvm.dll+0x2cd60a]  (no source info available)
V  [jvm.dll+0x48f64e]  (no source info available)
V  [jvm.dll+0x99630d]  (no source info available)
V  [jvm.dll+0x7a6955]  (no source info available)
C  [ucrtbase.dll+0x26c0c]  (no source info available)
C  [KERNEL32.DLL+0x153e0]  (no source info available)
C  [ntdll.dll+0x485b]  (no source info available)

Lock stack of current Java thread (top to bottom):


---------------  P R O C E S S  ---------------

Threads class SMR info:
_java_thread_list=0x000001e6a478b910, length=12, elements={
0x000001e685ac9810, 0x000001e6a452adc0, 0x000001e6a452bda0, 0x000001e6a4530390,
0x000001e6a4530f50, 0x000001e6a45338d0, 0x000001e6a45584f0, 0x000001e6a455b9f0,
0x000001e6a4569a40, 0x000001e6a4558cc0, 0x000001e6a4555de0, 0x000001e6a946e430
}

Java Threads: ( => current thread )
  0x000001e685ac9810 JavaThread "main"                              [_thread_in_Java, id=24256, stack(0x000000bf8c400000,0x000000bf8c500000) (1024K)]
  0x000001e6a452adc0 JavaThread "Reference Handler"          daemon [_thread_blocked, id=14096, stack(0x000000bf8cc00000,0x000000bf8cd00000) (1024K)]
  0x000001e6a452bda0 JavaThread "Finalizer"                  daemon [_thread_blocked, id=19292, stack(0x000000bf8cd00000,0x000000bf8ce00000) (1024K)]
  0x000001e6a4530390 JavaThread "Signal Dispatcher"          daemon [_thread_blocked, id=18360, stack(0x000000bf8ce00000,0x000000bf8cf00000) (1024K)]
  0x000001e6a4530f50 JavaThread "Attach Listener"            daemon [_thread_blocked, id=16588, stack(0x000000bf8cf00000,0x000000bf8d000000) (1024K)]
  0x000001e6a45338d0 JavaThread "Service Thread"             daemon [_thread_blocked, id=1464, stack(0x000000bf8d000000,0x000000bf8d100000) (1024K)]
  0x000001e6a45584f0 JavaThread "Monitor Deflation Thread"   daemon [_thread_blocked, id=25152, stack(0x000000bf8d100000,0x000000bf8d200000) (1024K)]
  0x000001e6a455b9f0 JavaThread "C2 CompilerThread0"         daemon [_thread_in_native, id=7176, stack(0x000000bf8d200000,0x000000bf8d300000) (1024K)]
  0x000001e6a4569a40 JavaThread "C1 CompilerThread0"         daemon [_thread_blocked, id=25996, stack(0x000000bf8d300000,0x000000bf8d400000) (1024K)]
  0x000001e6a4558cc0 JavaThread "Notification Thread"        daemon [_thread_blocked, id=17812, stack(0x000000bf8d400000,0x000000bf8d500000) (1024K)]
  0x000001e6a4555de0 JavaThread "Common-Cleaner"             daemon [_thread_blocked, id=25168, stack(0x000000bf8d500000,0x000000bf8d600000) (1024K)]
=>0x000001e6a946e430 JavaThread "C2 CompilerThread1"         daemon [_thread_in_native, id=16376, stack(0x000000bf8d600000,0x000000bf8d700000) (1024K)]
Total: 12

Other Threads:
  0x000001e6a451cb20 VMThread "VM Thread"                           [id=25712, stack(0x000000bf8cb00000,0x000000bf8cc00000) (1024K)]
  0x000001e6a450a0c0 WatcherThread "VM Periodic Task Thread"        [id=18352, stack(0x000000bf8ca00000,0x000000bf8cb00000) (1024K)]
  0x000001e687e96a10 WorkerThread "GC Thread#0"                     [id=1664, stack(0x000000bf8c500000,0x000000bf8c600000) (1024K)]
  0x000001e687eafec0 ConcurrentGCThread "G1 Main Marker"            [id=21756, stack(0x000000bf8c600000,0x000000bf8c700000) (1024K)]
  0x000001e687eb2870 WorkerThread "G1 Conc#0"                       [id=19736, stack(0x000000bf8c700000,0x000000bf8c800000) (1024K)]
  0x000001e687ee6f80 ConcurrentGCThread "G1 Refine#0"               [id=8604, stack(0x000000bf8c800000,0x000000bf8c900000) (1024K)]
  0x000001e687ee7990 ConcurrentGCThread "G1 Service"                [id=24260, stack(0x000000bf8c900000,0x000000bf8ca00000) (1024K)]
Total: 7

Threads with active compile tasks:
C2 CompilerThread0  1146  804       4       jdk.internal.util.xml.impl.Parser::step (891 bytes)
C2 CompilerThread1  1146  807       4       jdk.internal.util.xml.impl.Parser::bqstr (462 bytes)
Total: 2

VM state: not at safepoint (normal execution)

VM Mutex/Monitor currently owned by a thread: None

Heap address: 0x0000000081c00000, size: 2020 MB, Compressed Oops mode: 32-bit

CDS archive(s) mapped at: [0x0000000025000000-0x0000000025dd0000-0x0000000025dd0000), size 14483456, SharedBaseAddress: 0x0000000025000000, ArchiveRelocationMode: 1.
Compressed class space mapped at: 0x0000000026000000-0x0000000066000000, reserved size: 1073741824
UseCompressedClassPointers 1, UseCompactObjectHeaders 0
Narrow klass pointer bits 32, Max shift 3
Narrow klass base: 0x0000000025000000, Narrow klass shift: 0
Encoding Range: [0x0000000025000000 - 0x0000000125000000), (4294967296 bytes)
Klass Range:    [0x0000000025010000 - 0x0000000066000000), (1090453504 bytes)
Klass ID Range:  [65536 - 1090519033) (1090453497)
Protection zone: [0x0000000025000000 - 0x0000000025010000), (65536 bytes)

GC Precious Log:
 CardTable entry size: 512
 Card Set container configuration: InlinePtr #cards 5 size 8 Array Of Cards #cards 10 size 36 Howl #buckets 4 coarsen threshold 1843 Howl Bitmap #cards 512 size 80 coarsen threshold 460 Card regions per heap region 1 cards per card region 2048
 CPUs: 4 total, 4 available
 Memory: 8072M
 Large Page Support: Disabled
 NUMA Support: Disabled
 Compressed Oops: Enabled (32-bit)
 Heap Region Size: 1M
 Heap Min Capacity: 8M
 Heap Initial Capacity: 128M
 Heap Max Capacity: 2020M
 Pre-touch: Disabled
 Parallel Workers: 4
 Concurrent Workers: 1
 Concurrent Refinement Workers: 4
 Periodic GC: Disabled

Heap:
 garbage-first heap   total reserved 2068480K, committed 133120K, used 12435K [0x0000000081c00000, 0x0000000100000000)
  region size 1024K, 12 young (12288K), 0 survivors (0K)

Heap Regions: E=young(eden), S=young(survivor), O=old, HS=humongous(starts), HC=humongous(continues), CS=collection set, F=free, TAMS=top-at-mark-start, PB=parsable bottom
|   0|0x0000000081c00000, 0x0000000081c00000, 0x0000000081d00000|  0%| F|  |TAMS 0x0000000081c00000| PB 0x0000000081c00000| Untracked |  0
|   1|0x0000000081d00000, 0x0000000081d00000, 0x0000000081e00000|  0%| F|  |TAMS 0x0000000081d00000| PB 0x0000000081d00000| Untracked |  0
|   2|0x0000000081e00000, 0x0000000081e00000, 0x0000000081f00000|  0%| F|  |TAMS 0x0000000081e00000| PB 0x0000000081e00000| Untracked |  0
|   3|0x0000000081f00000, 0x0000000081f00000, 0x0000000082000000|  0%| F|  |TAMS 0x0000000081f00000| PB 0x0000000081f00000| Untracked |  0
|   4|0x0000000082000000, 0x0000000082000000, 0x0000000082100000|  0%| F|  |TAMS 0x0000000082000000| PB 0x0000000082000000| Untracked |  0
|   5|0x0000000082100000, 0x0000000082100000, 0x0000000082200000|  0%| F|  |TAMS 0x0000000082100000| PB 0x0000000082100000| Untracked |  0
|   6|0x0000000082200000, 0x0000000082200000, 0x0000000082300000|  0%| F|  |TAMS 0x0000000082200000| PB 0x0000000082200000| Untracked |  0
|   7|0x0000000082300000, 0x0000000082300000, 0x0000000082400000|  0%| F|  |TAMS 0x0000000082300000| PB 0x0000000082300000| Untracked |  0
|   8|0x0000000082400000, 0x0000000082400000, 0x0000000082500000|  0%| F|  |TAMS 0x0000000082400000| PB 0x0000000082400000| Untracked |  0
|   9|0x0000000082500000, 0x0000000082500000, 0x0000000082600000|  0%| F|  |TAMS 0x0000000082500000| PB 0x0000000082500000| Untracked |  0
|  10|0x0000000082600000, 0x0000000082600000, 0x0000000082700000|  0%| F|  |TAMS 0x0000000082600000| PB 0x0000000082600000| Untracked |  0
|  11|0x0000000082700000, 0x0000000082700000, 0x0000000082800000|  0%| F|  |TAMS 0x0000000082700000| PB 0x0000000082700000| Untracked |  0
|  12|0x0000000082800000, 0x0000000082800000, 0x0000000082900000|  0%| F|  |TAMS 0x0000000082800000| PB 0x0000000082800000| Untracked |  0
|  13|0x0000000082900000, 0x0000000082900000, 0x0000000082a00000|  0%| F|  |TAMS 0x0000000082900000| PB 0x0000000082900000| Untracked |  0
|  14|0x0000000082a00000, 0x0000000082a00000, 0x0000000082b00000|  0%| F|  |TAMS 0x0000000082a00000| PB 0x0000000082a00000| Untracked |  0
|  15|0x0000000082b00000, 0x0000000082b00000, 0x0000000082c00000|  0%| F|  |TAMS 0x0000000082b00000| PB 0x0000000082b00000| Untracked |  0
|  16|0x0000000082c00000, 0x0000000082c00000, 0x0000000082d00000|  0%| F|  |TAMS 0x0000000082c00000| PB 0x0000000082c00000| Untracked |  0
|  17|0x0000000082d00000, 0x0000000082d00000, 0x0000000082e00000|  0%| F|  |TAMS 0x0000000082d00000| PB 0x0000000082d00000| Untracked |  0
|  18|0x0000000082e00000, 0x0000000082e00000, 0x0000000082f00000|  0%| F|  |TAMS 0x0000000082e00000| PB 0x0000000082e00000| Untracked |  0
|  19|0x0000000082f00000, 0x0000000082f00000, 0x0000000083000000|  0%| F|  |TAMS 0x0000000082f00000| PB 0x0000000082f00000| Untracked |  0
|  20|0x0000000083000000, 0x0000000083000000, 0x0000000083100000|  0%| F|  |TAMS 0x0000000083000000| PB 0x0000000083000000| Untracked |  0
|  21|0x0000000083100000, 0x0000000083100000, 0x0000000083200000|  0%| F|  |TAMS 0x0000000083100000| PB 0x0000000083100000| Untracked |  0
|  22|0x0000000083200000, 0x0000000083200000, 0x0000000083300000|  0%| F|  |TAMS 0x0000000083200000| PB 0x0000000083200000| Untracked |  0
|  23|0x0000000083300000, 0x0000000083300000, 0x0000000083400000|  0%| F|  |TAMS 0x0000000083300000| PB 0x0000000083300000| Untracked |  0
|  24|0x0000000083400000, 0x0000000083400000, 0x0000000083500000|  0%| F|  |TAMS 0x0000000083400000| PB 0x0000000083400000| Untracked |  0
|  25|0x0000000083500000, 0x0000000083500000, 0x0000000083600000|  0%| F|  |TAMS 0x0000000083500000| PB 0x0000000083500000| Untracked |  0
|  26|0x0000000083600000, 0x0000000083600000, 0x0000000083700000|  0%| F|  |TAMS 0x0000000083600000| PB 0x0000000083600000| Untracked |  0
|  27|0x0000000083700000, 0x0000000083700000, 0x0000000083800000|  0%| F|  |TAMS 0x0000000083700000| PB 0x0000000083700000| Untracked |  0
|  28|0x0000000083800000, 0x0000000083800000, 0x0000000083900000|  0%| F|  |TAMS 0x0000000083800000| PB 0x0000000083800000| Untracked |  0
|  29|0x0000000083900000, 0x0000000083900000, 0x0000000083a00000|  0%| F|  |TAMS 0x0000000083900000| PB 0x0000000083900000| Untracked |  0
|  30|0x0000000083a00000, 0x0000000083a00000, 0x0000000083b00000|  0%| F|  |TAMS 0x0000000083a00000| PB 0x0000000083a00000| Untracked |  0
|  31|0x0000000083b00000, 0x0000000083b00000, 0x0000000083c00000|  0%| F|  |TAMS 0x0000000083b00000| PB 0x0000000083b00000| Untracked |  0
|  32|0x0000000083c00000, 0x0000000083c00000, 0x0000000083d00000|  0%| F|  |TAMS 0x0000000083c00000| PB 0x0000000083c00000| Untracked |  0
|  33|0x0000000083d00000, 0x0000000083d00000, 0x0000000083e00000|  0%| F|  |TAMS 0x0000000083d00000| PB 0x0000000083d00000| Untracked |  0
|  34|0x0000000083e00000, 0x0000000083e00000, 0x0000000083f00000|  0%| F|  |TAMS 0x0000000083e00000| PB 0x0000000083e00000| Untracked |  0
|  35|0x0000000083f00000, 0x0000000083f00000, 0x0000000084000000|  0%| F|  |TAMS 0x0000000083f00000| PB 0x0000000083f00000| Untracked |  0
|  36|0x0000000084000000, 0x0000000084000000, 0x0000000084100000|  0%| F|  |TAMS 0x0000000084000000| PB 0x0000000084000000| Untracked |  0
|  37|0x0000000084100000, 0x0000000084100000, 0x0000000084200000|  0%| F|  |TAMS 0x0000000084100000| PB 0x0000000084100000| Untracked |  0
|  38|0x0000000084200000, 0x0000000084200000, 0x0000000084300000|  0%| F|  |TAMS 0x0000000084200000| PB 0x0000000084200000| Untracked |  0
|  39|0x0000000084300000, 0x0000000084300000, 0x0000000084400000|  0%| F|  |TAMS 0x0000000084300000| PB 0x0000000084300000| Untracked |  0
|  40|0x0000000084400000, 0x0000000084400000, 0x0000000084500000|  0%| F|  |TAMS 0x0000000084400000| PB 0x0000000084400000| Untracked |  0
|  41|0x0000000084500000, 0x0000000084500000, 0x0000000084600000|  0%| F|  |TAMS 0x0000000084500000| PB 0x0000000084500000| Untracked |  0
|  42|0x0000000084600000, 0x0000000084600000, 0x0000000084700000|  0%| F|  |TAMS 0x0000000084600000| PB 0x0000000084600000| Untracked |  0
|  43|0x0000000084700000, 0x0000000084700000, 0x0000000084800000|  0%| F|  |TAMS 0x0000000084700000| PB 0x0000000084700000| Untracked |  0
|  44|0x0000000084800000, 0x0000000084800000, 0x0000000084900000|  0%| F|  |TAMS 0x0000000084800000| PB 0x0000000084800000| Untracked |  0
|  45|0x0000000084900000, 0x0000000084900000, 0x0000000084a00000|  0%| F|  |TAMS 0x0000000084900000| PB 0x0000000084900000| Untracked |  0
|  46|0x0000000084a00000, 0x0000000084a00000, 0x0000000084b00000|  0%| F|  |TAMS 0x0000000084a00000| PB 0x0000000084a00000| Untracked |  0
|  47|0x0000000084b00000, 0x0000000084b00000, 0x0000000084c00000|  0%| F|  |TAMS 0x0000000084b00000| PB 0x0000000084b00000| Untracked |  0
|  48|0x0000000084c00000, 0x0000000084c00000, 0x0000000084d00000|  0%| F|  |TAMS 0x0000000084c00000| PB 0x0000000084c00000| Untracked |  0
|  49|0x0000000084d00000, 0x0000000084d00000, 0x0000000084e00000|  0%| F|  |TAMS 0x0000000084d00000| PB 0x0000000084d00000| Untracked |  0
|  50|0x0000000084e00000, 0x0000000084e00000, 0x0000000084f00000|  0%| F|  |TAMS 0x0000000084e00000| PB 0x0000000084e00000| Untracked |  0
|  51|0x0000000084f00000, 0x0000000084f00000, 0x0000000085000000|  0%| F|  |TAMS 0x0000000084f00000| PB 0x0000000084f00000| Untracked |  0
|  52|0x0000000085000000, 0x0000000085000000, 0x0000000085100000|  0%| F|  |TAMS 0x0000000085000000| PB 0x0000000085000000| Untracked |  0
|  53|0x0000000085100000, 0x0000000085100000, 0x0000000085200000|  0%| F|  |TAMS 0x0000000085100000| PB 0x0000000085100000| Untracked |  0
|  54|0x0000000085200000, 0x0000000085200000, 0x0000000085300000|  0%| F|  |TAMS 0x0000000085200000| PB 0x0000000085200000| Untracked |  0
|  55|0x0000000085300000, 0x0000000085300000, 0x0000000085400000|  0%| F|  |TAMS 0x0000000085300000| PB 0x0000000085300000| Untracked |  0
|  56|0x0000000085400000, 0x0000000085400000, 0x0000000085500000|  0%| F|  |TAMS 0x0000000085400000| PB 0x0000000085400000| Untracked |  0
|  57|0x0000000085500000, 0x0000000085500000, 0x0000000085600000|  0%| F|  |TAMS 0x0000000085500000| PB 0x0000000085500000| Untracked |  0
|  58|0x0000000085600000, 0x0000000085600000, 0x0000000085700000|  0%| F|  |TAMS 0x0000000085600000| PB 0x0000000085600000| Untracked |  0
|  59|0x0000000085700000, 0x0000000085700000, 0x0000000085800000|  0%| F|  |TAMS 0x0000000085700000| PB 0x0000000085700000| Untracked |  0
|  60|0x0000000085800000, 0x0000000085800000, 0x0000000085900000|  0%| F|  |TAMS 0x0000000085800000| PB 0x0000000085800000| Untracked |  0
|  61|0x0000000085900000, 0x0000000085900000, 0x0000000085a00000|  0%| F|  |TAMS 0x0000000085900000| PB 0x0000000085900000| Untracked |  0
|  62|0x0000000085a00000, 0x0000000085a00000, 0x0000000085b00000|  0%| F|  |TAMS 0x0000000085a00000| PB 0x0000000085a00000| Untracked |  0
|  63|0x0000000085b00000, 0x0000000085b00000, 0x0000000085c00000|  0%| F|  |TAMS 0x0000000085b00000| PB 0x0000000085b00000| Untracked |  0
|  64|0x0000000085c00000, 0x0000000085c00000, 0x0000000085d00000|  0%| F|  |TAMS 0x0000000085c00000| PB 0x0000000085c00000| Untracked |  0
|  65|0x0000000085d00000, 0x0000000085d00000, 0x0000000085e00000|  0%| F|  |TAMS 0x0000000085d00000| PB 0x0000000085d00000| Untracked |  0
|  66|0x0000000085e00000, 0x0000000085e00000, 0x0000000085f00000|  0%| F|  |TAMS 0x0000000085e00000| PB 0x0000000085e00000| Untracked |  0
|  67|0x0000000085f00000, 0x0000000085f00000, 0x0000000086000000|  0%| F|  |TAMS 0x0000000085f00000| PB 0x0000000085f00000| Untracked |  0
|  68|0x0000000086000000, 0x0000000086000000, 0x0000000086100000|  0%| F|  |TAMS 0x0000000086000000| PB 0x0000000086000000| Untracked |  0
|  69|0x0000000086100000, 0x0000000086100000, 0x0000000086200000|  0%| F|  |TAMS 0x0000000086100000| PB 0x0000000086100000| Untracked |  0
|  70|0x0000000086200000, 0x0000000086200000, 0x0000000086300000|  0%| F|  |TAMS 0x0000000086200000| PB 0x0000000086200000| Untracked |  0
|  71|0x0000000086300000, 0x0000000086300000, 0x0000000086400000|  0%| F|  |TAMS 0x0000000086300000| PB 0x0000000086300000| Untracked |  0
|  72|0x0000000086400000, 0x0000000086400000, 0x0000000086500000|  0%| F|  |TAMS 0x0000000086400000| PB 0x0000000086400000| Untracked |  0
|  73|0x0000000086500000, 0x0000000086500000, 0x0000000086600000|  0%| F|  |TAMS 0x0000000086500000| PB 0x0000000086500000| Untracked |  0
|  74|0x0000000086600000, 0x0000000086600000, 0x0000000086700000|  0%| F|  |TAMS 0x0000000086600000| PB 0x0000000086600000| Untracked |  0
|  75|0x0000000086700000, 0x0000000086700000, 0x0000000086800000|  0%| F|  |TAMS 0x0000000086700000| PB 0x0000000086700000| Untracked |  0
|  76|0x0000000086800000, 0x0000000086800000, 0x0000000086900000|  0%| F|  |TAMS 0x0000000086800000| PB 0x0000000086800000| Untracked |  0
|  77|0x0000000086900000, 0x0000000086900000, 0x0000000086a00000|  0%| F|  |TAMS 0x0000000086900000| PB 0x0000000086900000| Untracked |  0
|  78|0x0000000086a00000, 0x0000000086a00000, 0x0000000086b00000|  0%| F|  |TAMS 0x0000000086a00000| PB 0x0000000086a00000| Untracked |  0
|  79|0x0000000086b00000, 0x0000000086b00000, 0x0000000086c00000|  0%| F|  |TAMS 0x0000000086b00000| PB 0x0000000086b00000| Untracked |  0
|  80|0x0000000086c00000, 0x0000000086c00000, 0x0000000086d00000|  0%| F|  |TAMS 0x0000000086c00000| PB 0x0000000086c00000| Untracked |  0
|  81|0x0000000086d00000, 0x0000000086d00000, 0x0000000086e00000|  0%| F|  |TAMS 0x0000000086d00000| PB 0x0000000086d00000| Untracked |  0
|  82|0x0000000086e00000, 0x0000000086e00000, 0x0000000086f00000|  0%| F|  |TAMS 0x0000000086e00000| PB 0x0000000086e00000| Untracked |  0
|  83|0x0000000086f00000, 0x0000000086f00000, 0x0000000087000000|  0%| F|  |TAMS 0x0000000086f00000| PB 0x0000000086f00000| Untracked |  0
|  84|0x0000000087000000, 0x0000000087000000, 0x0000000087100000|  0%| F|  |TAMS 0x0000000087000000| PB 0x0000000087000000| Untracked |  0
|  85|0x0000000087100000, 0x0000000087100000, 0x0000000087200000|  0%| F|  |TAMS 0x0000000087100000| PB 0x0000000087100000| Untracked |  0
|  86|0x0000000087200000, 0x0000000087200000, 0x0000000087300000|  0%| F|  |TAMS 0x0000000087200000| PB 0x0000000087200000| Untracked |  0
|  87|0x0000000087300000, 0x0000000087300000, 0x0000000087400000|  0%| F|  |TAMS 0x0000000087300000| PB 0x0000000087300000| Untracked |  0
|  88|0x0000000087400000, 0x0000000087400000, 0x0000000087500000|  0%| F|  |TAMS 0x0000000087400000| PB 0x0000000087400000| Untracked |  0
|  89|0x0000000087500000, 0x0000000087500000, 0x0000000087600000|  0%| F|  |TAMS 0x0000000087500000| PB 0x0000000087500000| Untracked |  0
|  90|0x0000000087600000, 0x0000000087600000, 0x0000000087700000|  0%| F|  |TAMS 0x0000000087600000| PB 0x0000000087600000| Untracked |  0
|  91|0x0000000087700000, 0x0000000087700000, 0x0000000087800000|  0%| F|  |TAMS 0x0000000087700000| PB 0x0000000087700000| Untracked |  0
|  92|0x0000000087800000, 0x0000000087800000, 0x0000000087900000|  0%| F|  |TAMS 0x0000000087800000| PB 0x0000000087800000| Untracked |  0
|  93|0x0000000087900000, 0x0000000087900000, 0x0000000087a00000|  0%| F|  |TAMS 0x0000000087900000| PB 0x0000000087900000| Untracked |  0
|  94|0x0000000087a00000, 0x0000000087a00000, 0x0000000087b00000|  0%| F|  |TAMS 0x0000000087a00000| PB 0x0000000087a00000| Untracked |  0
|  95|0x0000000087b00000, 0x0000000087b00000, 0x0000000087c00000|  0%| F|  |TAMS 0x0000000087b00000| PB 0x0000000087b00000| Untracked |  0
|  96|0x0000000087c00000, 0x0000000087c00000, 0x0000000087d00000|  0%| F|  |TAMS 0x0000000087c00000| PB 0x0000000087c00000| Untracked |  0
|  97|0x0000000087d00000, 0x0000000087d00000, 0x0000000087e00000|  0%| F|  |TAMS 0x0000000087d00000| PB 0x0000000087d00000| Untracked |  0
|  98|0x0000000087e00000, 0x0000000087e00000, 0x0000000087f00000|  0%| F|  |TAMS 0x0000000087e00000| PB 0x0000000087e00000| Untracked |  0
|  99|0x0000000087f00000, 0x0000000087f00000, 0x0000000088000000|  0%| F|  |TAMS 0x0000000087f00000| PB 0x0000000087f00000| Untracked |  0
| 100|0x0000000088000000, 0x0000000088000000, 0x0000000088100000|  0%| F|  |TAMS 0x0000000088000000| PB 0x0000000088000000| Untracked |  0
| 101|0x0000000088100000, 0x0000000088100000, 0x0000000088200000|  0%| F|  |TAMS 0x0000000088100000| PB 0x0000000088100000| Untracked |  0
| 102|0x0000000088200000, 0x0000000088200000, 0x0000000088300000|  0%| F|  |TAMS 0x0000000088200000| PB 0x0000000088200000| Untracked |  0
| 103|0x0000000088300000, 0x0000000088300000, 0x0000000088400000|  0%| F|  |TAMS 0x0000000088300000| PB 0x0000000088300000| Untracked |  0
| 104|0x0000000088400000, 0x0000000088400000, 0x0000000088500000|  0%| F|  |TAMS 0x0000000088400000| PB 0x0000000088400000| Untracked |  0
| 105|0x0000000088500000, 0x0000000088500000, 0x0000000088600000|  0%| F|  |TAMS 0x0000000088500000| PB 0x0000000088500000| Untracked |  0
| 106|0x0000000088600000, 0x0000000088600000, 0x0000000088700000|  0%| F|  |TAMS 0x0000000088600000| PB 0x0000000088600000| Untracked |  0
| 107|0x0000000088700000, 0x0000000088700000, 0x0000000088800000|  0%| F|  |TAMS 0x0000000088700000| PB 0x0000000088700000| Untracked |  0
| 108|0x0000000088800000, 0x0000000088800000, 0x0000000088900000|  0%| F|  |TAMS 0x0000000088800000| PB 0x0000000088800000| Untracked |  0
| 109|0x0000000088900000, 0x0000000088900000, 0x0000000088a00000|  0%| F|  |TAMS 0x0000000088900000| PB 0x0000000088900000| Untracked |  0
| 110|0x0000000088a00000, 0x0000000088a00000, 0x0000000088b00000|  0%| F|  |TAMS 0x0000000088a00000| PB 0x0000000088a00000| Untracked |  0
| 111|0x0000000088b00000, 0x0000000088b00000, 0x0000000088c00000|  0%| F|  |TAMS 0x0000000088b00000| PB 0x0000000088b00000| Untracked |  0
| 112|0x0000000088c00000, 0x0000000088c00000, 0x0000000088d00000|  0%| F|  |TAMS 0x0000000088c00000| PB 0x0000000088c00000| Untracked |  0
| 113|0x0000000088d00000, 0x0000000088d00000, 0x0000000088e00000|  0%| F|  |TAMS 0x0000000088d00000| PB 0x0000000088d00000| Untracked |  0
| 114|0x0000000088e00000, 0x0000000088e00000, 0x0000000088f00000|  0%| F|  |TAMS 0x0000000088e00000| PB 0x0000000088e00000| Untracked |  0
| 115|0x0000000088f00000, 0x0000000088f00000, 0x0000000089000000|  0%| F|  |TAMS 0x0000000088f00000| PB 0x0000000088f00000| Untracked |  0
| 116|0x0000000089000000, 0x0000000089100000, 0x0000000089100000|100%| E|  |TAMS 0x0000000089000000| PB 0x0000000089000000| Complete |  0
| 117|0x0000000089100000, 0x0000000089200000, 0x0000000089200000|100%| E|CS|TAMS 0x0000000089100000| PB 0x0000000089100000| Complete |  0
| 118|0x0000000089200000, 0x0000000089300000, 0x0000000089300000|100%| E|CS|TAMS 0x0000000089200000| PB 0x0000000089200000| Complete |  0
| 119|0x0000000089300000, 0x0000000089400000, 0x0000000089400000|100%| E|CS|TAMS 0x0000000089300000| PB 0x0000000089300000| Complete |  0
| 120|0x0000000089400000, 0x0000000089500000, 0x0000000089500000|100%| E|CS|TAMS 0x0000000089400000| PB 0x0000000089400000| Complete |  0
| 121|0x0000000089500000, 0x0000000089600000, 0x0000000089600000|100%| E|CS|TAMS 0x0000000089500000| PB 0x0000000089500000| Complete |  0
| 122|0x0000000089600000, 0x0000000089700000, 0x0000000089700000|100%| E|CS|TAMS 0x0000000089600000| PB 0x0000000089600000| Complete |  0
| 123|0x0000000089700000, 0x0000000089800000, 0x0000000089800000|100%| E|CS|TAMS 0x0000000089700000| PB 0x0000000089700000| Complete |  0
| 124|0x0000000089800000, 0x0000000089900000, 0x0000000089900000|100%| E|CS|TAMS 0x0000000089800000| PB 0x0000000089800000| Complete |  0
| 125|0x0000000089900000, 0x0000000089a00000, 0x0000000089a00000|100%| E|CS|TAMS 0x0000000089900000| PB 0x0000000089900000| Complete |  0
| 126|0x0000000089a00000, 0x0000000089b00000, 0x0000000089b00000|100%| E|CS|TAMS 0x0000000089a00000| PB 0x0000000089a00000| Complete |  0
| 127|0x0000000089b00000, 0x0000000089c00000, 0x0000000089c00000|100%| E|CS|TAMS 0x0000000089b00000| PB 0x0000000089b00000| Complete |  0
|2018|0x00000000ffe00000, 0x00000000fff00000, 0x00000000fff00000|100%| O|  |TAMS 0x00000000ffe00000| PB 0x00000000ffe00000| Untracked |  0
|2019|0x00000000fff00000, 0x00000000fff24ea8, 0x0000000100000000| 14%| O|  |TAMS 0x00000000fff00000| PB 0x00000000fff00000| Untracked |  0

Card table byte_map: [0x000001e69fd30000,0x000001e6a0130000] _byte_map_base: 0x000001e69f922000

Marking Bits: (CMBitMap*) 0x000001e687e971a0
 Bits: [0x000001e6a0130000, 0x000001e6a20c0000)

Polling page: 0x000001e687610000

Metaspace:
Metaspace        used 4580K, committed 4800K, reserved 1114112K
 class space     used 331K, committed 448K, reserved 1048576K

Usage:
  Non-class:      4.15 MB used.
      Class:    331.38 KB used.
       Both:      4.47 MB used.

Virtual space:
  Non-class space:       64.00 MB reserved,       4.25 MB (  7%) committed,  1 nodes.
      Class space:        1.00 GB reserved,     448.00 KB ( <1%) committed,  1 nodes.
             Both:        1.06 GB reserved,       4.69 MB ( <1%) committed. 

Chunk freelists:
   Non-Class:  10.92 MB
       Class:  15.55 MB
        Both:  26.47 MB

MaxMetaspaceSize: unlimited
CompressedClassSpaceSize: 1.00 GB
Initial GC threshold: 21.00 MB
Current GC threshold: 21.00 MB
CDS: on
 - commit_granule_bytes: 65536.
 - commit_granule_words: 8192.
 - virtual_space_node_default_size: 8388608.
 - enlarge_chunks_in_place: 1.
UseCompressedClassPointers 1, UseCompactObjectHeaders 0
Narrow klass pointer bits 32, Max shift 3
Narrow klass base: 0x0000000025000000, Narrow klass shift: 0
Encoding Range: [0x0000000025000000 - 0x0000000125000000), (4294967296 bytes)
Klass Range:    [0x0000000025010000 - 0x0000000066000000), (1090453504 bytes)
Klass ID Range:  [65536 - 1090519033) (1090453497)
Protection zone: [0x0000000025000000 - 0x0000000025010000), (65536 bytes)


Internal statistics:

num_allocs_failed_limit: 0.
num_arena_births: 40.
num_arena_deaths: 0.
num_vsnodes_births: 2.
num_vsnodes_deaths: 0.
num_space_committed: 75.
num_space_uncommitted: 0.
num_chunks_returned_to_freelist: 0.
num_chunks_taken_from_freelist: 105.
num_chunk_merges: 0.
num_chunk_splits: 65.
num_chunks_enlarged: 38.
num_inconsistent_stats: 0.

CodeHeap 'non-profiled nmethods': size=120064Kb used=190Kb max_used=190Kb free=119873Kb
 bounds [0x000001e6983f0000, 0x000001e698660000, 0x000001e69f930000]
CodeHeap 'profiled nmethods': size=120000Kb used=1258Kb max_used=1258Kb free=118741Kb
 bounds [0x000001e690930000, 0x000001e690ba0000, 0x000001e697e60000]
CodeHeap 'non-nmethods': size=5696Kb used=1331Kb max_used=1351Kb free=4364Kb
 bounds [0x000001e697e60000, 0x000001e6980d0000, 0x000001e6983f0000]
CodeCache: size=245760Kb, used=2779Kb, max_used=2799Kb, free=242978Kb
 total_blobs=1402, nmethods=956, adapters=348, full_count=0
Compilation: enabled, stopped_count=0, restarted_count=0

Compilation events (20 events):
Event: 0.850 Thread 0x000001e6a4569a40  856       3       java.util.TreeMap$Values::size (8 bytes)
Event: 0.851 Thread 0x000001e6a4569a40 nmethod 856 0x000001e690a3ee88 code [0x000001e690a3ef80, 0x000001e690a3f0c0]
Event: 0.851 Thread 0x000001e6a4569a40  857       3       java.util.TreeMap$Values::iterator (19 bytes)
Event: 0.851 Thread 0x000001e6a4569a40 nmethod 857 0x000001e690a3f188 code [0x000001e690a3f280, 0x000001e690a3f7a0]
Event: 0.851 Thread 0x000001e6a4569a40  864       3       java.util.HashMap$HashIterator::<init> (84 bytes)
Event: 0.852 Thread 0x000001e6a4569a40 nmethod 864 0x000001e690a3f808 code [0x000001e690a3f900, 0x000001e690a3fe38]
Event: 0.852 Thread 0x000001e6a4569a40  858       3       java.util.TreeMap$ValueIterator::<init> (14 bytes)
Event: 0.852 Thread 0x000001e6a4569a40 nmethod 858 0x000001e690a3fe88 code [0x000001e690a3ff80, 0x000001e690a404d0]
Event: 0.852 Thread 0x000001e6a4569a40  862       1       com.sun.management.internal.DiagnosticCommandInfo::getArgumentsInfo (5 bytes)
Event: 0.852 Thread 0x000001e6a4569a40 nmethod 862 0x000001e69841ab08 code [0x000001e69841ac00, 0x000001e69841acc8]
Event: 0.852 Thread 0x000001e6a4569a40  863       3       java.util.TreeMap::rotateRight (96 bytes)
Event: 0.852 Thread 0x000001e6a4569a40 nmethod 863 0x000001e690a40508 code [0x000001e690a40600, 0x000001e690a40ae8]
Event: 0.853 Thread 0x000001e6a4569a40  859       1       com.sun.management.internal.DiagnosticCommandArgumentInfo::getName (5 bytes)
Event: 0.853 Thread 0x000001e6a4569a40 nmethod 859 0x000001e69841ae08 code [0x000001e69841af00, 0x000001e69841afc8]
Event: 0.859 Thread 0x000001e6a4569a40  865       3       java.util.IdentityHashMap::containsKey (55 bytes)
Event: 0.859 Thread 0x000001e6a4569a40 nmethod 865 0x000001e690a40b08 code [0x000001e690a40c00, 0x000001e690a41018]
Event: 0.860 Thread 0x000001e6a4569a40  866  s!   3       com.sun.jmx.mbeanserver.DefaultMXBeanMappingFactory::mappingForType (110 bytes)
Event: 0.861 Thread 0x000001e6a4569a40 nmethod 866 0x000001e690a41088 code [0x000001e690a41180, 0x000001e690a42490]
Event: 0.863 Thread 0x000001e6a4569a40  867       3       javax.management.StandardMBean::getDescription (11 bytes)
Event: 0.863 Thread 0x000001e6a4569a40 nmethod 867 0x000001e690a42508 code [0x000001e690a42600, 0x000001e690a42800]

GC Heap Usage History (0 events):
No events

Metaspace Usage History (0 events):
No events

Dll operation events (7 events):
Event: 0.034 Loaded shared library C:\Users\hp\AppData\Roaming\Code\User\globalStorage\pleiades.java-extension-pack-jdk\java\latest\bin\java.dll
Event: 0.142 Loaded shared library C:\Users\hp\AppData\Roaming\Code\User\globalStorage\pleiades.java-extension-pack-jdk\java\latest\bin\net.dll
Event: 0.148 Loaded shared library C:\Users\hp\AppData\Roaming\Code\User\globalStorage\pleiades.java-extension-pack-jdk\java\latest\bin\nio.dll
Event: 0.173 Loaded shared library C:\Users\hp\AppData\Roaming\Code\User\globalStorage\pleiades.java-extension-pack-jdk\java\latest\bin\zip.dll
Event: 0.205 Loaded shared library C:\Users\hp\AppData\Roaming\Code\User\globalStorage\pleiades.java-extension-pack-jdk\java\latest\bin\jimage.dll
Event: 0.343 Loaded shared library C:\Users\hp\AppData\Roaming\Code\User\globalStorage\pleiades.java-extension-pack-jdk\java\latest\bin\management.dll
Event: 0.392 Loaded shared library C:\Users\hp\AppData\Roaming\Code\User\globalStorage\pleiades.java-extension-pack-jdk\java\latest\bin\management_ext.dll

Deoptimization events (20 events):
Event: 0.580 Thread 0x000001e685ac9810 DEOPT PACKING pc=0x000001e6983f29f4 sp=0x000000bf8c4fd2e0
Event: 0.580 Thread 0x000001e685ac9810 DEOPT UNPACKING pc=0x000001e697f7f902 sp=0x000000bf8c4fd210 mode 2
Event: 0.790 Thread 0x000001e685ac9810 Uncommon trap: trap_request=0xffffff45 fr.pc=0x000001e698415978 relative=0x00000000000000f8
Event: 0.790 Thread 0x000001e685ac9810 Uncommon trap: reason=unstable_if action=reinterpret pc=0x000001e698415978 method=jdk.internal.util.xml.impl.Parser.bappend(CC)V @ 168 c2
Event: 0.790 Thread 0x000001e685ac9810 DEOPT PACKING pc=0x000001e698415978 sp=0x000000bf8c4fcd20
Event: 0.790 Thread 0x000001e685ac9810 DEOPT UNPACKING pc=0x000001e697f7f902 sp=0x000000bf8c4fcca0 mode 2
Event: 0.790 Thread 0x000001e685ac9810 Uncommon trap: trap_request=0xffffff45 fr.pc=0x000001e698415620 relative=0x00000000000000a0
Event: 0.790 Thread 0x000001e685ac9810 Uncommon trap: reason=unstable_if action=reinterpret pc=0x000001e698415620 method=jdk.internal.util.xml.impl.Parser.ensureCapacity(I)V @ 40 c2
Event: 0.790 Thread 0x000001e685ac9810 DEOPT PACKING pc=0x000001e698415620 sp=0x000000bf8c4fcc90
Event: 0.790 Thread 0x000001e685ac9810 DEOPT UNPACKING pc=0x000001e697f7f902 sp=0x000000bf8c4fcbc0 mode 2
Event: 0.799 Thread 0x000001e685ac9810 Uncommon trap: trap_request=0xffffff45 fr.pc=0x000001e6984152e0 relative=0x0000000000000060
Event: 0.799 Thread 0x000001e685ac9810 Uncommon trap: reason=unstable_if action=reinterpret pc=0x000001e6984152e0 method=jdk.internal.util.xml.impl.Parser.ensureCapacity(I)V @ 40 c2
Event: 0.799 Thread 0x000001e685ac9810 DEOPT PACKING pc=0x000001e6984152e0 sp=0x000000bf8c4fd000
Event: 0.799 Thread 0x000001e685ac9810 DEOPT UNPACKING pc=0x000001e697f7f902 sp=0x000000bf8c4fcf88 mode 2
Event: 0.810 Thread 0x000001e685ac9810 DEOPT PACKING pc=0x000001e6909d1079 sp=0x000000bf8c4fcca0
Event: 0.810 Thread 0x000001e685ac9810 DEOPT UNPACKING pc=0x000001e697eb1702 sp=0x000000bf8c4fc140 mode 0
Event: 0.813 Thread 0x000001e685ac9810 DEOPT PACKING pc=0x000001e6909d1079 sp=0x000000bf8c4fcdc0
Event: 0.813 Thread 0x000001e685ac9810 DEOPT UNPACKING pc=0x000001e697eb1702 sp=0x000000bf8c4fc260 mode 0
Event: 0.816 Thread 0x000001e685ac9810 DEOPT PACKING pc=0x000001e6909d1079 sp=0x000000bf8c4fce40
Event: 0.816 Thread 0x000001e685ac9810 DEOPT UNPACKING pc=0x000001e697eb1702 sp=0x000000bf8c4fc2e0 mode 0

Classes loaded (20 events):
Event: 0.780 Loading class jdk/jfr/internal/jfc/model/XmlText done
Event: 0.780 Loading class jdk/jfr/internal/jfc/model/XmlSelection
Event: 0.781 Loading class jdk/jfr/internal/jfc/model/XmlSelection done
Event: 0.781 Loading class jdk/jfr/internal/jfc/model/XmlFlag
Event: 0.781 Loading class jdk/jfr/internal/jfc/model/XmlFlag done
Event: 0.781 Loading class jdk/jfr/internal/jfc/model/XmlOption
Event: 0.781 Loading class jdk/jfr/internal/jfc/model/XmlOption done
Event: 0.782 Loading class jdk/jfr/internal/jfc/model/XmlOr
Event: 0.782 Loading class jdk/jfr/internal/jfc/model/XmlOr done
Event: 0.783 Loading class jdk/jfr/internal/jfc/model/XmlAnd
Event: 0.783 Loading class jdk/jfr/internal/jfc/model/XmlAnd done
Event: 0.783 Loading class jdk/jfr/internal/jfc/model/XmlTest
Event: 0.783 Loading class jdk/jfr/internal/jfc/model/XmlTest done
Event: 0.783 Loading class jdk/jfr/internal/jfc/model/XmlNot
Event: 0.783 Loading class jdk/jfr/internal/jfc/model/XmlNot done
Event: 0.857 Loading class com/sun/management/GcInfo
Event: 0.857 Loading class javax/management/openmbean/CompositeDataView
Event: 0.857 Loading class javax/management/openmbean/CompositeDataView done
Event: 0.857 Loading class com/sun/management/GcInfo done
Event: 0.863 Loading class com/sun/management/internal/HotSpotDiagnostic

Classes unloaded (0 events):
No events

Classes redefined (0 events):
No events

Internal exceptions (6 events):
Event: 0.294 Thread 0x000001e685ac9810 Exception <a 'java/lang/NoSuchMethodError'{0x0000000089823a60}: 'int java.lang.invoke.DirectMethodHandle$Holder.invokeStaticInit(java.lang.Object, java.lang.Object)'> (0x0000000089823a60) 
thrown [s\src\hotspot\share\interpreter\linkResolver.cpp, line 804]
Event: 0.331 Thread 0x000001e685ac9810 Exception <a 'java/lang/NoSuchMethodError'{0x00000000898ce9a8}: 'void java.lang.invoke.DirectMethodHandle$Holder.invokeStaticInit(java.lang.Object)'> (0x00000000898ce9a8) 
thrown [s\src\hotspot\share\interpreter\linkResolver.cpp, line 804]
Event: 0.415 Thread 0x000001e685ac9810 Exception <a 'java/lang/NoSuchMethodError'{0x00000000897189f8}: 'int java.lang.invoke.DirectMethodHandle$Holder.invokeInterface(java.lang.Object, java.lang.Object)'> (0x00000000897189f8) 
thrown [s\src\hotspot\share\interpreter\linkResolver.cpp, line 804]
Event: 0.416 Thread 0x000001e685ac9810 Exception <a 'java/lang/IncompatibleClassChangeError'{0x00000000897206b0}: Found class java.lang.Object, but interface was expected> (0x00000000897206b0) 
thrown [s\src\hotspot\share\interpreter\linkResolver.cpp, line 871]
Event: 0.419 Thread 0x000001e685ac9810 Exception <a 'java/lang/NoSuchMethodError'{0x000000008972fa88}: 'void java.lang.invoke.DirectMethodHandle$Holder.invokeStatic(java.lang.Object, java.lang.Object)'> (0x000000008972fa88) 
thrown [s\src\hotspot\share\interpreter\linkResolver.cpp, line 804]
Event: 0.539 Thread 0x000001e685ac9810 Exception <a 'java/lang/NoSuchMethodError'{0x00000000897c5800}: 'void java.lang.invoke.DirectMethodHandle$Holder.invokeSpecial(java.lang.Object, java.lang.Object, java.lang.Object)'> (0x00000000897c5800) 
thrown [s\src\hotspot\share\interpreter\linkResolver.cpp, line 804]

VM Operations (2 events):
Event: 0.288 Executing safepoint VM operation: ThreadDump
Event: 0.288 Executing safepoint VM operation: ThreadDump done

Memory protections (0 events):
No events

Nmethod flushes (0 events):
No events

Events (14 events):
Event: 0.076 Thread 0x000001e685ac9810 Thread added: 0x000001e685ac9810
Event: 0.109 Thread 0x000001e685ac9810 Thread added: 0x000001e6a452adc0
Event: 0.109 Thread 0x000001e685ac9810 Thread added: 0x000001e6a452bda0
Event: 0.109 Thread 0x000001e685ac9810 Thread added: 0x000001e6a4530390
Event: 0.110 Thread 0x000001e685ac9810 Thread added: 0x000001e6a4530f50
Event: 0.110 Thread 0x000001e685ac9810 Thread added: 0x000001e6a45338d0
Event: 0.110 Thread 0x000001e685ac9810 Thread added: 0x000001e6a45584f0
Event: 0.110 Thread 0x000001e685ac9810 Thread added: 0x000001e6a455b9f0
Event: 0.110 Thread 0x000001e685ac9810 Thread added: 0x000001e6a4569a40
Event: 0.123 Thread 0x000001e685ac9810 Thread added: 0x000001e6a4558cc0
Event: 0.128 Thread 0x000001e685ac9810 Thread added: 0x000001e6a4555de0
Event: 0.167 Thread 0x000001e6a4569a40 Thread added: 0x000001e6a46a11c0
Event: 0.458 Thread 0x000001e6a46a11c0 Thread exited: 0x000001e6a46a11c0
Event: 0.778 Thread 0x000001e6a455b9f0 Thread added: 0x000001e6a946e430


Dynamic libraries:
0x00007ff6a8b60000 - 0x00007ff6a8b6e000 	C:\Users\hp\AppData\Roaming\Code\User\globalStorage\pleiades.java-extension-pack-jdk\java\latest\bin\java.exe
0x00007ffcc28c0000 - 0x00007ffcc2ac9000 	C:\Windows\SYSTEM32\ntdll.dll
0x00007ffcc1900000 - 0x00007ffcc19bd000 	C:\Windows\System32\KERNEL32.DLL
0x00007ffcbfd50000 - 0x00007ffcc00d4000 	C:\Windows\System32\KERNELBASE.dll
0x00007ffcb9d00000 - 0x00007ffcb9d92000 	C:\Windows\SYSTEM32\apphelp.dll
0x00007ffcc0220000 - 0x00007ffcc0331000 	C:\Windows\System32\ucrtbase.dll
0x00007ffc9b3b0000 - 0x00007ffc9b3c6000 	C:\Users\hp\AppData\Roaming\Code\User\globalStorage\pleiades.java-extension-pack-jdk\java\latest\bin\jli.dll
0x00007ffcc0a80000 - 0x00007ffcc0c2d000 	C:\Windows\System32\USER32.dll
0x00007ffc8e880000 - 0x00007ffc8e89e000 	C:\Users\hp\AppData\Roaming\Code\User\globalStorage\pleiades.java-extension-pack-jdk\java\latest\bin\VCRUNTIME140.dll
0x00007ffcc05c0000 - 0x00007ffcc05e6000 	C:\Windows\System32\win32u.dll
0x00007ffcc10b0000 - 0x00007ffcc10da000 	C:\Windows\System32\GDI32.dll
0x00007ffcc05f0000 - 0x00007ffcc070e000 	C:\Windows\System32\gdi32full.dll
0x00007ffcc0340000 - 0x00007ffcc03dd000 	C:\Windows\System32\msvcp_win.dll
0x00007ffcb28a0000 - 0x00007ffcb2b45000 	C:\Windows\WinSxS\amd64_microsoft.windows.common-controls_6595b64144ccf1df_6.0.22000.120_none_9d947278b86cc467\COMCTL32.dll
0x00007ffcc0720000 - 0x00007ffcc07c3000 	C:\Windows\System32\msvcrt.dll
0x00007ffcc10e0000 - 0x00007ffcc1111000 	C:\Windows\System32\IMM32.DLL
0x00007ffcb0ec0000 - 0x00007ffcb0ecc000 	C:\Users\hp\AppData\Roaming\Code\User\globalStorage\pleiades.java-extension-pack-jdk\java\latest\bin\vcruntime140_1.dll
0x00007ffc8ca90000 - 0x00007ffc8cb1d000 	C:\Users\hp\AppData\Roaming\Code\User\globalStorage\pleiades.java-extension-pack-jdk\java\latest\bin\msvcp140.dll
0x00007ffc72020000 - 0x00007ffc72f46000 	C:\Users\hp\AppData\Roaming\Code\User\globalStorage\pleiades.java-extension-pack-jdk\java\latest\bin\server\jvm.dll
0x00007ffcc1ac0000 - 0x00007ffcc1b6e000 	C:\Windows\System32\ADVAPI32.dll
0x00007ffcc1460000 - 0x00007ffcc14fe000 	C:\Windows\System32\sechost.dll
0x00007ffcc1c20000 - 0x00007ffcc1d41000 	C:\Windows\System32\RPCRT4.dll
0x00007ffcc1500000 - 0x00007ffcc156f000 	C:\Windows\System32\WS2_32.dll
0x00007ffcbfc10000 - 0x00007ffcbfc5d000 	C:\Windows\SYSTEM32\POWRPROF.dll
0x00007ffcb7920000 - 0x00007ffcb7953000 	C:\Windows\SYSTEM32\WINMM.dll
0x00007ffcb5940000 - 0x00007ffcb594a000 	C:\Windows\SYSTEM32\VERSION.dll
0x00007ffcbfbf0000 - 0x00007ffcbfc03000 	C:\Windows\SYSTEM32\UMPDC.dll
0x00007ffcbedc0000 - 0x00007ffcbedd8000 	C:\Windows\SYSTEM32\kernel.appcore.dll
0x00007ffc9a6a0000 - 0x00007ffc9a6aa000 	C:\Users\hp\AppData\Roaming\Code\User\globalStorage\pleiades.java-extension-pack-jdk\java\latest\bin\jimage.dll
0x00007ffcbda60000 - 0x00007ffcbdc81000 	C:\Windows\SYSTEM32\DBGHELP.DLL
0x00007ffcad690000 - 0x00007ffcad6c1000 	C:\Windows\SYSTEM32\dbgcore.DLL
0x00007ffcc01a0000 - 0x00007ffcc021f000 	C:\Windows\System32\bcryptPrimitives.dll
0x00007ffc8d7a0000 - 0x00007ffc8d7be000 	C:\Users\hp\AppData\Roaming\Code\User\globalStorage\pleiades.java-extension-pack-jdk\java\latest\bin\java.dll
0x00007ffcc08c0000 - 0x00007ffcc0a5a000 	C:\Windows\System32\ole32.dll
0x00007ffcc1570000 - 0x00007ffcc18e6000 	C:\Windows\System32\combase.dll
0x00007ffcc1d50000 - 0x00007ffcc2515000 	C:\Windows\System32\SHELL32.dll
0x00007ffcbde00000 - 0x00007ffcbe662000 	C:\Windows\SYSTEM32\windows.storage.dll
0x00007ffcbdc90000 - 0x00007ffcbddf7000 	C:\Windows\SYSTEM32\wintypes.dll
0x00007ffcc07d0000 - 0x00007ffcc08ba000 	C:\Windows\System32\SHCORE.dll
0x00007ffcc19c0000 - 0x00007ffcc1a1d000 	C:\Windows\System32\shlwapi.dll
0x00007ffcbfc80000 - 0x00007ffcbfca5000 	C:\Windows\SYSTEM32\profapi.dll
0x00007ffc8d780000 - 0x00007ffc8d791000 	C:\Users\hp\AppData\Roaming\Code\User\globalStorage\pleiades.java-extension-pack-jdk\java\latest\bin\net.dll
0x00007ffcbf270000 - 0x00007ffcbf2d7000 	C:\Windows\system32\mswsock.dll
0x00007ffc8d760000 - 0x00007ffc8d776000 	C:\Users\hp\AppData\Roaming\Code\User\globalStorage\pleiades.java-extension-pack-jdk\java\latest\bin\nio.dll
0x00007ffc8d680000 - 0x00007ffc8d697000 	C:\Users\hp\AppData\Roaming\Code\User\globalStorage\pleiades.java-extension-pack-jdk\java\latest\bin\zip.dll
0x00007ffc9a640000 - 0x00007ffc9a64a000 	C:\Users\hp\AppData\Roaming\Code\User\globalStorage\pleiades.java-extension-pack-jdk\java\latest\bin\management.dll
0x00007ffc98b10000 - 0x00007ffc98b1c000 	C:\Users\hp\AppData\Roaming\Code\User\globalStorage\pleiades.java-extension-pack-jdk\java\latest\bin\management_ext.dll
0x00007ffcc1c10000 - 0x00007ffcc1c18000 	C:\Windows\System32\PSAPI.DLL

JVMTI agents: none

dbghelp: loaded successfully - version: 4.0.5 - missing functions: none
symbol engine: initialized successfully - sym options: 0x614 - pdb path: .;C:\Users\hp\AppData\Roaming\Code\User\globalStorage\pleiades.java-extension-pack-jdk\java\latest\bin;C:\Windows\SYSTEM32;C:\Windows\WinSxS\amd64_microsoft.windows.common-controls_6595b64144ccf1df_6.0.22000.120_none_9d947278b86cc467;C:\Users\hp\AppData\Roaming\Code\User\globalStorage\pleiades.java-extension-pack-jdk\java\latest\bin\server

VM Arguments:
jvm_args: -Dstdout.encoding=UTF-8 -Dstderr.encoding=UTF-8 
java_command: jdbc/Main
java_class_path (initial): .;libs\ojdbc17.jar
Launcher Type: SUN_STANDARD

[Global flags]
     intx CICompilerCount                          = 3                                         {product} {ergonomic}
     uint ConcGCThreads                            = 1                                         {product} {ergonomic}
     uint G1ConcRefinementThreads                  = 4                                         {product} {ergonomic}
   size_t G1HeapRegionSize                         = 1048576                                   {product} {ergonomic}
   size_t InitialHeapSize                          = 134217728                                 {product} {ergonomic}
   size_t MarkStackSize                            = 4194304                                   {product} {ergonomic}
   size_t MarkStackSizeMax                         = 536870912                                 {product} {ergonomic}
   size_t MaxHeapSize                              = 2118123520                                {product} {ergonomic}
   size_t MaxNewSize                               = 1270874112                                {product} {ergonomic}
   size_t MinHeapDeltaBytes                        = 1048576                                   {product} {ergonomic}
   size_t MinHeapSize                              = 8388608                                   {product} {ergonomic}
    uintx NonNMethodCodeHeapSize                   = 5832704                                {pd product} {ergonomic}
    uintx NonProfiledCodeHeapSize                  = 122945536                              {pd product} {ergonomic}
    uintx ProfiledCodeHeapSize                     = 122880000                              {pd product} {ergonomic}
    uintx ReservedCodeCacheSize                    = 251658240                              {pd product} {ergonomic}
     bool SegmentedCodeCache                       = true                                      {product} {ergonomic}
   size_t SoftMaxHeapSize                          = 2118123520                             {manageable} {ergonomic}
     bool UseCompressedOops                        = true                           {product lp64_product} {ergonomic}
     bool UseG1GC                                  = true                                      {product} {ergonomic}
     bool UseLargePagesIndividualAllocation        = false                                  {pd product} {ergonomic}

Logging:
Log output configuration:
 #0: stdout all=warning uptime,level,tags foldmultilines=false
 #1: stderr all=off uptime,level,tags foldmultilines=false

Release file:
IMPLEMENTOR="Eclipse Adoptium" 
IMPLEMENTOR_VERSION="Temurin-25.0.1+8" 
JAVA_RUNTIME_VERSION="25.0.1+8-LTS" 
JAVA_VERSION="25.0.1" 
JAVA_VERSION_DATE="2025-10-21" 
LIBC="default" 
MODULES="java.base java.compiler java.datatransfer java.xml java.prefs java.desktop java.instrument java.logging java.management java.security.sasl java.naming java.rmi java.management.rmi java.net.http java.scripting java.security.jgss java.transaction.xa java.sql java.sql.rowset java.xml.crypto java.se java.smartcardio jdk.accessibility jdk.internal.jvmstat jdk.attach jdk.charsets jdk.internal.opt jdk.zipfs jdk.compiler jdk.crypto.cryptoki jdk.crypto.ec jdk.crypto.mscapi jdk.dynalink jdk.internal.ed jdk.editpad jdk.internal.vm.ci jdk.graal.compiler jdk.graal.compiler.management jdk.hotspot.agent jdk.httpserver jdk.incubator.vector jdk.internal.le jdk.internal.md jdk.jartool jdk.javadoc jdk.jcmd jdk.management jdk.management.agent jdk.jconsole jdk.jdeps jdk.jdwp.agent jdk.jdi jdk.jfr jdk.jlink jdk.jpackage jdk.jshell jdk.jsobject jdk.jstatd jdk.localedata jdk.management.jfr jdk.naming.dns jdk.naming.rmi jdk.net jdk.nio.mapmode jdk.sctp jdk.security.auth jdk.security.jgss jdk.unsupported jdk.unsupported.desktop jdk.xml.dom" 
OS_ARCH="x86_64" 
OS_NAME="Windows" 
SOURCE=".:git:61d6a2c1b35e" 
BUILD_SOURCE="git:839fa0b45d809157cffd3dc8515aad262a4a1776"
BUILD_SOURCE_REPO="https://github.com/adoptium/temurin-build.git"
SOURCE_REPO="https://github.com/adoptium/jdk25u.git"
FULL_VERSION="25.0.1+8-LTS"
SEMANTIC_VERSION="25.0.1+8"
BUILD_INFO="OS: Windows Server 2022 Version: 10.0"
JVM_VARIANT="Hotspot"
JVM_VERSION="25.0.1+8-LTS"
IMAGE_TYPE="JDK"

Environment Variables:
JAVA_HOME=C:\Users\hp\AppData\Roaming\Code\User\globalStorage\pleiades.java-extension-pack-jdk\java\latest
JAVA_TOOL_OPTIONS=-Dstdout.encoding=UTF-8 -Dstderr.encoding=UTF-8
PATH=C:\Users\hp\AppData\Roaming\Code\User\globalStorage\pleiades.java-extension-pack-jdk\gradle\latest\bin;C:\Users\hp\AppData\Roaming\Code\User\globalStorage\pleiades.java-extension-pack-jdk\maven\latest\bin;C:\Users\hp\AppData\Roaming\Code\User\globalStorage\pleiades.java-extension-pack-jdk\java\latest\bin;C:\Program Files\Common Files\Oracle\Java\javapath;D:\oracle\dbhomeXE\bin;C:\app\hp\product\21c\dbhomeXE\bin;C:\ActiveTcl\bin;C:\Windows\system32;C:\Windows;C:\Windows\System32\Wbem;C:\Windows\System32\WindowsPowerShell\v1.0\;C:\Windows\System32\OpenSSH\;C:\Users\hp\AppData\Local\Programs\Python\Python311;C:\Users\hp\AppData\Local\Programs\Python\Python311\Scripts;C:\Program Files\dotnet\;C:\Program Files\Git\cmd;C:\Users\hp\AppData\Roaming\TinyTeX\bin\windows;C:\Users\hp\AppData\Local\Programs\Python\Python311\Scripts\;C:\Users\hp\AppData\Local\Programs\Python\Python311\;C:\Users\hp\AppData\Local\Microsoft\WindowsApps;C:\Users\hp\AppData\Local\Programs\MiKTeX\miktex\bin\x64\;C:\Users\hp\AppData\Local\Programs\Microsoft VS Code\bin;C:\Users\hp\AppData\Local\Pandoc\;c:\Users\hp\.vscode\extensions\vscjava.vscode-java-debug-0.58.3\bundled\scripts\noConfigScripts
USERNAME=hp
LANG=en_US.UTF-8
OS=Windows_NT
PROCESSOR_IDENTIFIER=Intel64 Family 6 Model 78 Stepping 3, GenuineIntel
TMP=C:\Users\hp\AppData\Local\Temp
TEMP=C:\Users\hp\AppData\Local\Temp




Compilation memory statistics disabled.

Periodic native trim disabled

---------------  S Y S T E M  ---------------

OS:
 Windows 11 , 64 bit Build 22000 (10.0.22000.2538)
OS uptime: 2 days 8:46 hours

CPU: total 4 (initial active 4) (2 cores per cpu, 2 threads per core) family 6 model 78 stepping 3 microcode 0xd6, cx8, cmov, fxsr, ht, mmx, 3dnowpref, sse, sse2, sse3, ssse3, sse4.1, sse4.2, popcnt, lzcnt, tsc, tscinvbit, avx, avx2, aes, erms, clmul, bmi1, bmi2, adx, fma, vzeroupper, clflush, clflushopt, rdtscp, f16c
Processor Information for the first 4 processors :
  Max Mhz: 2400, Current Mhz: 2300, Mhz Limit: 2280

Memory: 4k page, system-wide physical 8072M (481M free)
TotalPageFile size 22291M (AvailPageFile size 7M)
current process WorkingSet (physical memory assigned to process): 66M, peak: 66M
current process commit charge ("private bytes"): 217M, peak: 220M

vm_info: OpenJDK 64-Bit Server VM (25.0.1+8-LTS) for windows-amd64 JRE (25.0.1+8-LTS), built on 2025-10-21T00:00:00Z with unknown MS VC++:1942

END.
